<?xml version="1.0" encoding="UTF-8"?>
<!-- Generated by org.testng.reporters.JUnitXMLReporter -->
<testsuite ignored="0" hostname="DESKTOP-HRA3DVK" failures="0" tests="1" name="Validating navigation Bar" time="0.029" errors="0" timestamp="25 Sep 2018 16:45:35 GMT">
  <testcase classname="Academy.validateNavigationBar" name="@BeforeTest initialize" time="0.001">
    <failure type="java.io.FileNotFoundException" message="C:\Study Documents\QA documents\Rahul shetty QA Docs\E2EProject (Access is denied)">
      <![CDATA[java.io.FileNotFoundException: C:\Study Documents\QA documents\Rahul shetty QA Docs\E2EProject (Access is denied)
at java.base/java.io.FileInputStream.open0(Native Method)
at java.base/java.io.FileInputStream.open(Unknown Source)
at java.base/java.io.FileInputStream.<init>(Unknown Source)
at java.base/java.io.FileInputStream.<init>(Unknown Source)
at resources.base.initializeDriver(base.java:31)
at Academy.validateNavigationBar.initialize(validateNavigationBar.java:30)
... Removed 24 stack frames]]>
    </failure>
  </testcase> <!-- @BeforeTest initialize -->
  <testcase classname="Academy.validateNavigationBar" name="@AfterTest teardown" time="0.0">
    <skipped/>
  </testcase> <!-- @AfterTest teardown -->
  <testcase classname="Academy.validateNavigationBar" name="validateAppNavBar" time="0.0">
    <skipped/>
  </testcase> <!-- validateAppNavBar -->
</testsuite> <!-- Validating navigation Bar -->
