<?xml version="1.0" encoding="UTF-8"?>
<!-- Generated by org.testng.reporters.JUnitXMLReporter -->
<testsuite ignored="0" hostname="DESKTOP-HRA3DVK" failures="0" tests="2" name="Validating User login" time="0.114" errors="0" timestamp="25 Sep 2018 16:45:35 GMT">
  <testcase classname="Academy.HomePage" name="@BeforeTest initialize" time="0.025">
    <failure type="java.io.FileNotFoundException" message="C:\Study Documents\QA documents\Rahul shetty QA Docs\E2EProject (Access is denied)">
      <![CDATA[java.io.FileNotFoundException: C:\Study Documents\QA documents\Rahul shetty QA Docs\E2EProject (Access is denied)
at java.base/java.io.FileInputStream.open0(Native Method)
at java.base/java.io.FileInputStream.open(Unknown Source)
at java.base/java.io.FileInputStream.<init>(Unknown Source)
at java.base/java.io.FileInputStream.<init>(Unknown Source)
at resources.base.initializeDriver(base.java:31)
at Academy.HomePage.initialize(HomePage.java:25)
... Removed 24 stack frames]]>
    </failure>
  </testcase> <!-- @BeforeTest initialize -->
  <testcase classname="Academy.HomePage" name="@AfterTest teardown" time="0.0">
    <skipped/>
  </testcase> <!-- @AfterTest teardown -->
  <testcase classname="Academy.HomePage" name="basePageNavigation" time="0.001">
    <skipped/>
  </testcase> <!-- basePageNavigation -->
  <testcase classname="Academy.HomePage" name="basePageNavigation" time="0.0">
    <skipped/>
  </testcase> <!-- basePageNavigation -->
</testsuite> <!-- Validating User login -->
